This is pdfTeX, Version 3.1415926-2.4-1.40.13 (MiKTeX 2.9) (preloaded format=pdflatex 2013.4.19)  17 MAY 2013 15:08
entering extended mode
**G:/MCA*Report/ANKIT*APRIL*REPORT*2013.tex
("G:/MCA Report/ANKIT APRIL REPORT 2013.tex"
LaTeX2e <2011/06/27>
Babel <v3.8m> and hyphenation patterns for english, afrikaans, ancientgreek, ar
abic, armenian, assamese, basque, bengali, bokmal, bulgarian, catalan, coptic, 
croatian, czech, danish, dutch, esperanto, estonian, farsi, finnish, french, ga
lician, german, german-x-2012-05-30, greek, gujarati, hindi, hungarian, iceland
ic, indonesian, interlingua, irish, italian, kannada, kurmanji, latin, latvian,
 lithuanian, malayalam, marathi, mongolian, mongolianlmc, monogreek, ngerman, n
german-x-2012-05-30, nynorsk, oriya, panjabi, pinyin, polish, portuguese, roman
ian, russian, sanskrit, serbian, slovak, slovenian, spanish, swedish, swissgerm
an, tamil, telugu, turkish, turkmen, ukenglish, ukrainian, uppersorbian, usengl
ishmax, welsh, loaded.
("C:\Program Files (x86)\MiKTeX 2.9\tex\latex\base\report.cls"
Document Class: report 2007/10/19 v1.4h Standard LaTeX document class
("C:\Program Files (x86)\MiKTeX 2.9\tex\latex\base\size12.clo"
File: size12.clo 2007/10/19 v1.4h Standard LaTeX file (size option)
)
\c@part=\count79
\c@chapter=\count80
\c@section=\count81
\c@subsection=\count82
\c@subsubsection=\count83
\c@paragraph=\count84
\c@subparagraph=\count85
\c@figure=\count86
\c@table=\count87
\abovecaptionskip=\skip41
\belowcaptionskip=\skip42
\bibindent=\dimen102
)
(C:\Users\Dexter\AppData\Roaming\MiKTeX\2.9\tex\latex\sectsty\sectsty.sty
Package: sectsty 2002/02/25 v2.0.2 Commands to change all sectional heading sty
les
)
("C:\Program Files (x86)\MiKTeX 2.9\tex\latex\geometry\geometry.sty"
Package: geometry 2010/09/12 v5.6 Page Geometry

("C:\Program Files (x86)\MiKTeX 2.9\tex\latex\graphics\keyval.sty"
Package: keyval 1999/03/16 v1.13 key=value parser (DPC)
\KV@toks@=\toks14
)
("C:\Program Files (x86)\MiKTeX 2.9\tex\generic\oberdiek\ifpdf.sty"
Package: ifpdf 2011/01/30 v2.3 Provides the ifpdf switch (HO)
Package ifpdf Info: pdfTeX in PDF mode is detected.
)
("C:\Program Files (x86)\MiKTeX 2.9\tex\generic\oberdiek\ifvtex.sty"
Package: ifvtex 2010/03/01 v1.5 Detect VTeX and its facilities (HO)
Package ifvtex Info: VTeX not detected.
)
("C:\Program Files (x86)\MiKTeX 2.9\tex\generic\ifxetex\ifxetex.sty"
Package: ifxetex 2010/09/12 v0.6 Provides ifxetex conditional
)
\Gm@cnth=\count88
\Gm@cntv=\count89
\c@Gm@tempcnt=\count90
\Gm@bindingoffset=\dimen103
\Gm@wd@mp=\dimen104
\Gm@odd@mp=\dimen105
\Gm@even@mp=\dimen106
\Gm@layoutwidth=\dimen107
\Gm@layoutheight=\dimen108
\Gm@layouthoffset=\dimen109
\Gm@layoutvoffset=\dimen110
\Gm@dimlist=\toks15

("C:\Program Files (x86)\MiKTeX 2.9\tex\latex\geometry\geometry.cfg"))
("C:\Program Files (x86)\MiKTeX 2.9\tex\latex\psnfss\mathptmx.sty"
Package: mathptmx 2005/04/12 PSNFSS-v9.2a Times w/ Math, improved (SPQR, WaS) 
LaTeX Font Info:    Redeclaring symbol font `operators' on input line 28.
LaTeX Font Info:    Overwriting symbol font `operators' in version `normal'
(Font)                  OT1/cmr/m/n --> OT1/ztmcm/m/n on input line 28.
LaTeX Font Info:    Overwriting symbol font `operators' in version `bold'
(Font)                  OT1/cmr/bx/n --> OT1/ztmcm/m/n on input line 28.
LaTeX Font Info:    Redeclaring symbol font `letters' on input line 29.
LaTeX Font Info:    Overwriting symbol font `letters' in version `normal'
(Font)                  OML/cmm/m/it --> OML/ztmcm/m/it on input line 29.
LaTeX Font Info:    Overwriting symbol font `letters' in version `bold'
(Font)                  OML/cmm/b/it --> OML/ztmcm/m/it on input line 29.
LaTeX Font Info:    Redeclaring symbol font `symbols' on input line 30.
LaTeX Font Info:    Overwriting symbol font `symbols' in version `normal'
(Font)                  OMS/cmsy/m/n --> OMS/ztmcm/m/n on input line 30.
LaTeX Font Info:    Overwriting symbol font `symbols' in version `bold'
(Font)                  OMS/cmsy/b/n --> OMS/ztmcm/m/n on input line 30.
LaTeX Font Info:    Redeclaring symbol font `largesymbols' on input line 31.
LaTeX Font Info:    Overwriting symbol font `largesymbols' in version `normal'
(Font)                  OMX/cmex/m/n --> OMX/ztmcm/m/n on input line 31.
LaTeX Font Info:    Overwriting symbol font `largesymbols' in version `bold'
(Font)                  OMX/cmex/m/n --> OMX/ztmcm/m/n on input line 31.
\symbold=\mathgroup4
\symitalic=\mathgroup5
LaTeX Font Info:    Redeclaring math alphabet \mathbf on input line 34.
LaTeX Font Info:    Overwriting math alphabet `\mathbf' in version `normal'
(Font)                  OT1/cmr/bx/n --> OT1/ptm/bx/n on input line 34.
LaTeX Font Info:    Overwriting math alphabet `\mathbf' in version `bold'
(Font)                  OT1/cmr/bx/n --> OT1/ptm/bx/n on input line 34.
LaTeX Font Info:    Redeclaring math alphabet \mathit on input line 35.
LaTeX Font Info:    Overwriting math alphabet `\mathit' in version `normal'
(Font)                  OT1/cmr/m/it --> OT1/ptm/m/it on input line 35.
LaTeX Font Info:    Overwriting math alphabet `\mathit' in version `bold'
(Font)                  OT1/cmr/bx/it --> OT1/ptm/m/it on input line 35.
LaTeX Info: Redefining \hbar on input line 50.
)
(C:\Users\Dexter\AppData\Roaming\MiKTeX\2.9\tex\latex\pdfpages\pdfpages.sty
Package: pdfpages 2012/08/31 v0.4t Insert pages of external PDF documents (AM)

("C:\Program Files (x86)\MiKTeX 2.9\tex\latex\base\ifthen.sty"
Package: ifthen 2001/05/26 v1.1c Standard LaTeX ifthen package (DPC)
)
("C:\Program Files (x86)\MiKTeX 2.9\tex\latex\tools\calc.sty"
Package: calc 2007/08/22 v4.3 Infix arithmetic (KKT,FJ)
\calc@Acount=\count91
\calc@Bcount=\count92
\calc@Adimen=\dimen111
\calc@Bdimen=\dimen112
\calc@Askip=\skip43
\calc@Bskip=\skip44
LaTeX Info: Redefining \setlength on input line 76.
LaTeX Info: Redefining \addtolength on input line 77.
\calc@Ccount=\count93
\calc@Cskip=\skip45
)
(C:\Users\Dexter\AppData\Roaming\MiKTeX\2.9\tex\latex\eso-pic\eso-pic.sty
Package: eso-pic 2010/10/06 v2.0c eso-pic (RN)

("C:\Program Files (x86)\MiKTeX 2.9\tex\generic\oberdiek\atbegshi.sty"
Package: atbegshi 2011/10/05 v1.16 At begin shipout hook (HO)

("C:\Program Files (x86)\MiKTeX 2.9\tex\generic\oberdiek\infwarerr.sty"
Package: infwarerr 2010/04/08 v1.3 Providing info/warning/error messages (HO)
)
("C:\Program Files (x86)\MiKTeX 2.9\tex\generic\oberdiek\ltxcmds.sty"
Package: ltxcmds 2011/11/09 v1.22 LaTeX kernel commands for general use (HO)
))
(C:\Users\Dexter\AppData\Roaming\MiKTeX\2.9\tex\latex\xcolor\xcolor.sty
Package: xcolor 2007/01/21 v2.11 LaTeX color extensions (UK)

("C:\Program Files (x86)\MiKTeX 2.9\tex\latex\00miktex\color.cfg"
File: color.cfg 2007/01/18 v1.5 color configuration of teTeX/TeXLive
)
Package xcolor Info: Driver file: pdftex.def on input line 225.

("C:\Program Files (x86)\MiKTeX 2.9\tex\latex\pdftex-def\pdftex.def"
File: pdftex.def 2011/05/27 v0.06d Graphics/color for pdfTeX
\Gread@gobject=\count94
)
Package xcolor Info: Model `cmy' substituted by `cmy0' on input line 1337.
Package xcolor Info: Model `hsb' substituted by `rgb' on input line 1341.
Package xcolor Info: Model `RGB' extended on input line 1353.
Package xcolor Info: Model `HTML' substituted by `rgb' on input line 1355.
Package xcolor Info: Model `Hsb' substituted by `hsb' on input line 1356.
Package xcolor Info: Model `tHsb' substituted by `hsb' on input line 1357.
Package xcolor Info: Model `HSB' substituted by `hsb' on input line 1358.
Package xcolor Info: Model `Gray' substituted by `gray' on input line 1359.
Package xcolor Info: Model `wave' substituted by `hsb' on input line 1360.
))
("C:\Program Files (x86)\MiKTeX 2.9\tex\latex\graphics\graphicx.sty"
Package: graphicx 1999/02/16 v1.0f Enhanced LaTeX Graphics (DPC,SPQR)

("C:\Program Files (x86)\MiKTeX 2.9\tex\latex\graphics\graphics.sty"
Package: graphics 2009/02/05 v1.0o Standard LaTeX Graphics (DPC,SPQR)

("C:\Program Files (x86)\MiKTeX 2.9\tex\latex\graphics\trig.sty"
Package: trig 1999/03/16 v1.09 sin cos tan (DPC)
)
("C:\Program Files (x86)\MiKTeX 2.9\tex\latex\00miktex\graphics.cfg"
File: graphics.cfg 2007/01/18 v1.5 graphics configuration of teTeX/TeXLive
)
Package graphics Info: Driver file: pdftex.def on input line 91.
)
\Gin@req@height=\dimen113
\Gin@req@width=\dimen114
)
(C:\Users\Dexter\AppData\Roaming\MiKTeX\2.9\tex\latex\pdfpages\pppdftex.def
File: pppdftex.def 2012/08/31 v0.4t Pdfpages driver for pdfTeX (AM)
)
\AM@pagebox=\box26
\AM@toc@title=\toks16
\c@AM@survey=\count95
\AM@templatesizebox=\box27
)
("C:\Program Files (x86)\MiKTeX 2.9\tex\latex\psnfss\times.sty"
Package: times 2005/04/12 PSNFSS-v9.2a (SPQR) 
)
(C:\Users\Dexter\AppData\Roaming\MiKTeX\2.9\tex\latex\lipsum\lipsum.sty
Package: lipsum 2011/04/14 v1.2 150 paragraphs of Lorem Ipsum dummy text
\c@lips@count=\count96
)
(C:\Users\Dexter\AppData\Roaming\MiKTeX\2.9\tex\latex\setspace\setspace.sty
Package: setspace 2011/12/19 v6.7a set line spacing
)
(C:\Users\Dexter\AppData\Roaming\MiKTeX\2.9\tex\latex\titlesec\titlesec.sty
Package: titlesec 2011/12/15 v2.10.0 Sectioning titles
\ttl@box=\box28
\beforetitleunit=\skip46
\aftertitleunit=\skip47
\ttl@plus=\dimen115
\ttl@minus=\dimen116
\ttl@toksa=\toks17
\titlewidth=\dimen117
\titlewidthlast=\dimen118
\titlewidthfirst=\dimen119
)
(C:\Users\Dexter\AppData\Roaming\MiKTeX\2.9\tex\latex\wrapfig\wrapfig.sty
\wrapoverhang=\dimen120
\WF@size=\dimen121
\c@WF@wrappedlines=\count97
\WF@box=\box29
\WF@everypar=\toks18
Package: wrapfig 2003/01/31  v 3.6
)
(C:\Users\Dexter\AppData\Roaming\MiKTeX\2.9\tex\latex\blindtext\blindtext.sty
Package: blindtext 2012/01/06 V2.0 blindtext-Package

("C:\Program Files (x86)\MiKTeX 2.9\tex\latex\tools\xspace.sty"
Package: xspace 2009/10/20 v1.13 Space after command names (DPC,MH)
)
\c@blindtext=\count98
\c@Blindtext=\count99
\c@blind@countparstart=\count100
\blind@countxx=\count101
\blindtext@numBlindtext=\count102
\blind@countyy=\count103
\c@blindlist=\count104
\c@blindlistlevel=\count105
\c@blindlist@level=\count106
\blind@listitem=\count107
\c@blind@listcount=\count108
\c@blind@levelcount=\count109
\blind@mathformula=\count110
\blind@Mathformula=\count111
\c@blind@randomcount=\count112
\c@blind@randommax=\count113
\c@blind@pangramcount=\count114
\c@blind@pangrammax=\count115
)
("C:\Program Files (x86)\MiKTeX 2.9\tex\latex\amsmath\amsmath.sty"
Package: amsmath 2013/01/14 v2.14 AMS math features
\@mathmargin=\skip48

For additional information on amsmath, use the `?' option.
("C:\Program Files (x86)\MiKTeX 2.9\tex\latex\amsmath\amstext.sty"
Package: amstext 2000/06/29 v2.01

("C:\Program Files (x86)\MiKTeX 2.9\tex\latex\amsmath\amsgen.sty"
File: amsgen.sty 1999/11/30 v2.0
\@emptytoks=\toks19
\ex@=\dimen122
))
("C:\Program Files (x86)\MiKTeX 2.9\tex\latex\amsmath\amsbsy.sty"
Package: amsbsy 1999/11/29 v1.2d
\pmbraise@=\dimen123
)
("C:\Program Files (x86)\MiKTeX 2.9\tex\latex\amsmath\amsopn.sty"
Package: amsopn 1999/12/14 v2.01 operator names
)
\inf@bad=\count116
LaTeX Info: Redefining \frac on input line 210.
\uproot@=\count117
\leftroot@=\count118
LaTeX Info: Redefining \overline on input line 306.
\classnum@=\count119
\DOTSCASE@=\count120
LaTeX Info: Redefining \ldots on input line 378.
LaTeX Info: Redefining \dots on input line 381.
LaTeX Info: Redefining \cdots on input line 466.
\Mathstrutbox@=\box30
\strutbox@=\box31
\big@size=\dimen124
LaTeX Font Info:    Redeclaring font encoding OML on input line 566.
LaTeX Font Info:    Redeclaring font encoding OMS on input line 567.
\macc@depth=\count121
\c@MaxMatrixCols=\count122
\dotsspace@=\muskip10
\c@parentequation=\count123
\dspbrk@lvl=\count124
\tag@help=\toks20
\row@=\count125
\column@=\count126
\maxfields@=\count127
\andhelp@=\toks21
\eqnshift@=\dimen125
\alignsep@=\dimen126
\tagshift@=\dimen127
\tagwidth@=\dimen128
\totwidth@=\dimen129
\lineht@=\dimen130
\@envbody=\toks22
\multlinegap=\skip49
\multlinetaggap=\skip50
\mathdisplay@stack=\toks23
LaTeX Info: Redefining \[ on input line 2665.
LaTeX Info: Redefining \] on input line 2666.
)
("C:\Program Files (x86)\MiKTeX 2.9\tex\latex\amsmath\amscd.sty"
Package: amscd 1999/11/29 v2.0
\athelp@=\toks24
\minaw@=\dimen131
\bigaw@=\dimen132
\minCDarrowwidth=\dimen133
)
("C:\Program Files (x86)\MiKTeX 2.9\tex\generic\xypic\xypic.sty"
("C:\Program Files (x86)\MiKTeX 2.9\tex\generic\xypic\xy.sty"
("C:\Program Files (x86)\MiKTeX 2.9\tex\generic\xypic\xy.tex" Bootstrap'ing:
catcodes, docmode,
("C:\Program Files (x86)\MiKTeX 2.9\tex\generic\xypic\xyrecat.tex")
("C:\Program Files (x86)\MiKTeX 2.9\tex\generic\xypic\xyidioms.tex")

 Xy-pic version 3.8.8 <2012/05/24>
 Copyright (c) 1991-2011 by Kristoffer H. Rose <krisrose@tug.org>
 Xy-pic is free software: see the User's Guide for details.

Loading kernel: messages; fonts; allocations: state,
\X@c=\dimen134
\Y@c=\dimen135
\U@c=\dimen136
\D@c=\dimen137
\L@c=\dimen138
\R@c=\dimen139
\Edge@c=\toks25
\X@p=\dimen140
\Y@p=\dimen141
\U@p=\dimen142
\D@p=\dimen143
\L@p=\dimen144
\R@p=\dimen145
\Edge@p=\toks26
\X@origin=\dimen146
\Y@origin=\dimen147
\X@xbase=\dimen148
\Y@xbase=\dimen149
\X@ybase=\dimen150
\Y@ybase=\dimen151
\X@min=\dimen152
\Y@min=\dimen153
\X@max=\dimen154
\Y@max=\dimen155
\lastobjectbox@=\box32
\zerodotbox@=\box33
\almostz@=\dimen156
 direction,
\d@X=\dimen157
\d@Y=\dimen158
\K@=\count128
\KK@=\count129
\Direction=\count130
\K@dXdY=\dimen159
\K@dYdX=\dimen160
\xyread@=\read1
\xywrite@=\write3
\csp@=\count131
\quotPTK@=\dimen161

utility macros; pictures: \xy, positions,
\swaptoks@@=\toks27
\connectobjectbox@@=\box34
 objects,
\styletoks@=\toks28
 decorations;
kernel objects: directionals, circles, text; options; algorithms: directions,
edges, connections;  Xy-pic loaded)

LaTeX Warning: You have requested package `xypic',
               but the package provides `xy'.

Package: xy 2012/05/24 Xy-pic version 3.8.8
("C:\Program Files (x86)\MiKTeX 2.9\tex\generic\xypic\xypdf.tex"
 Xy-pic option: PDF driver v.1.7 loaded))
("C:\Program Files (x86)\MiKTeX 2.9\tex\generic\xypic\xyv2.tex"
 Xy-pic option: Version 2 Compatibility v.3.8

Xy-pic Warning: `\stop' redefined.

("C:\Program Files (x86)\MiKTeX 2.9\tex\generic\xypic\xyframe.tex"
 Xy-pic option: Frame and Bracket extension v.3.14 loaded)
Xy-pic pdf driver: `frame' extension support
("C:\Program Files (x86)\MiKTeX 2.9\tex\generic\xypic\xypdf-fr.tex"
("C:\Program Files (x86)\MiKTeX 2.9\tex\generic\xypic\xycurve.tex"
 Xy-pic option: Curve and Spline extension v.3.12 curve,
\crv@cnt@=\count132
\crvpts@=\toks29
\splinebox@=\box35
\splineval@=\dimen162
\splinedepth@=\dimen163
\splinetol@=\dimen164
\splinelength@=\dimen165
 circles,
\L@=\dimen166
 loaded)
Xy-pic pdf driver: `curve' extension support
("C:\Program Files (x86)\MiKTeX 2.9\tex\generic\xypic\xypdf-cu.tex" loaded)
loaded) ("C:\Program Files (x86)\MiKTeX 2.9\tex\generic\xypic\xymatrix.tex"
 Xy-pic option: Matrix feature v.3.14
\Row=\count133
\Col=\count134
\queue@=\toks30
\queue@@=\toks31
\qcount@=\count135
\qcount@@=\count136
\matrixsize@=\count137
 loaded)
("C:\Program Files (x86)\MiKTeX 2.9\tex\generic\xypic\xyarrow.tex"
 Xy-pic option: Arrow and Path feature v.3.9 path, \ar, loaded) loaded))
(C:\Users\Dexter\AppData\Roaming\MiKTeX\2.9\tex\latex\listings\listings.sty
\lst@mode=\count138
\lst@gtempboxa=\box36
\lst@token=\toks32
\lst@length=\count139
\lst@currlwidth=\dimen167
\lst@column=\count140
\lst@pos=\count141
\lst@lostspace=\dimen168
\lst@width=\dimen169
\lst@newlines=\count142
\lst@lineno=\count143
\lst@maxwidth=\dimen170

(C:\Users\Dexter\AppData\Roaming\MiKTeX\2.9\tex\latex\listings\lstmisc.sty
File: lstmisc.sty 2007/02/22 1.4 (Carsten Heinz)
\c@lstnumber=\count144
\lst@skipnumbers=\count145
\lst@framebox=\box37
)
(C:\Users\Dexter\AppData\Roaming\MiKTeX\2.9\tex\latex\listings\listings.cfg
File: listings.cfg 2007/02/22 1.4 listings configuration
))
Package: listings 2007/02/22 1.4 (Carsten Heinz)

(C:\Users\Dexter\AppData\Roaming\MiKTeX\2.9\tex\latex\listings\lstlang1.sty
File: lstlang1.sty 2004/09/05 1.3 listings language file
)

LaTeX Warning: Unused global option(s):
    [times].

("G:\MCA Report\ANKIT APRIL REPORT 2013.aux"

LaTeX Warning: Label `tab:title' multiply defined.


LaTeX Warning: Label `the-label-for-cross-referencing' multiply defined.


LaTeX Warning: Label `tab:title' multiply defined.


LaTeX Warning: Label `the-label-for-cross-referencing' multiply defined.


LaTeX Warning: Label `overflow' multiply defined.


LaTeX Warning: Label `overflow' multiply defined.


LaTeX Warning: Label `overflow' multiply defined.


LaTeX Warning: Label `overflow' multiply defined.


LaTeX Warning: Label `overflow' multiply defined.


LaTeX Warning: Label `the-label-for-cross-referencing' multiply defined.


LaTeX Warning: Label `the-label-for-cross-referencing' multiply defined.


LaTeX Warning: Label `fig:myfig' multiply defined.


LaTeX Warning: Label `The Joy of Geocaching' multiply defined.


LaTeX Warning: Label `The Essential Guide to Geocaching' multiply defined.


LaTeX Warning: Label `The Complete Idiot's Guide ' multiply defined.


LaTeX Warning: Label `The Geocaching Handbook' multiply defined.


LaTeX Warning: Label `The Joy of Geocaching' multiply defined.


LaTeX Warning: Label `The Essential Guide to Geocaching' multiply defined.


LaTeX Warning: Label `The Complete Idiot's Guide ' multiply defined.


LaTeX Warning: Label `The Geocaching Handbook' multiply defined.


LaTeX Warning: Label `The Joy of Geocaching' multiply defined.


LaTeX Warning: Label `The Essential Guide to Geocaching' multiply defined.


LaTeX Warning: Label `The Complete Idiot's Guide ' multiply defined.


LaTeX Warning: Label `The Geocaching Handbook' multiply defined.

)
LaTeX Font Info:    Checking defaults for OML/cmm/m/it on input line 96.
LaTeX Font Info:    ... okay on input line 96.
LaTeX Font Info:    Checking defaults for T1/cmr/m/n on input line 96.
LaTeX Font Info:    ... okay on input line 96.
LaTeX Font Info:    Checking defaults for OT1/cmr/m/n on input line 96.
LaTeX Font Info:    ... okay on input line 96.
LaTeX Font Info:    Checking defaults for OMS/cmsy/m/n on input line 96.
LaTeX Font Info:    ... okay on input line 96.
LaTeX Font Info:    Checking defaults for OMX/cmex/m/n on input line 96.
LaTeX Font Info:    ... okay on input line 96.
LaTeX Font Info:    Checking defaults for U/cmr/m/n on input line 96.
LaTeX Font Info:    ... okay on input line 96.
LaTeX Font Info:    Try loading font information for OT1+ptm on input line 96.
 ("C:\Program Files (x86)\MiKTeX 2.9\tex\latex\psnfss\ot1ptm.fd"
File: ot1ptm.fd 2001/06/04 font definitions for OT1/ptm.
)
*geometry* driver: auto-detecting
*geometry* detected driver: pdftex
*geometry* verbose mode - [ preamble ] result:
* driver: pdftex
* paper: a4paper
* layout: <same size as paper>
* layoutoffset:(h,v)=(0.0pt,0.0pt)
* modes: 
* h-part:(L,W,R)=(96.73936pt, 446.70828pt, 54.06023pt)
* v-part:(T,H,B)=(85.35826pt, 691.40198pt, 68.2866pt)
* \paperwidth=597.50787pt
* \paperheight=845.04684pt
* \textwidth=446.70828pt
* \textheight=691.40198pt
* \oddsidemargin=24.46938pt
* \evensidemargin=24.46938pt
* \topmargin=-23.91173pt
* \headheight=12.0pt
* \headsep=25.0pt
* \topskip=12.0pt
* \footskip=30.0pt
* \marginparwidth=35.0pt
* \marginparsep=10.0pt
* \columnsep=10.0pt
* \skip\footins=10.8pt plus 4.0pt minus 2.0pt
* \hoffset=0.0pt
* \voffset=0.0pt
* \mag=1000
* \@twocolumnfalse
* \@twosidefalse
* \@mparswitchfalse
* \@reversemarginfalse
* (1in=72.27pt=25.4mm, 1cm=28.453pt)

\AtBeginShipoutBox=\box38
(C:\Users\Dexter\AppData\Roaming\MiKTeX\2.9\tex\context\base\supp-pdf.mkii
[Loading MPS to PDF converter (version 2006.09.02).]
\scratchcounter=\count146
\scratchdimen=\dimen171
\scratchbox=\box39
\nofMPsegments=\count147
\nofMParguments=\count148
\everyMPshowfont=\toks33
\MPscratchCnt=\count149
\MPscratchDim=\dimen172
\MPnumerator=\count150
\makeMPintoPDFobject=\count151
\everyMPtoPDFconversion=\toks34
)
LaTeX Font Info:    Try loading font information for OT1+ztmcm on input line 96
.
 ("C:\Program Files (x86)\MiKTeX 2.9\tex\latex\psnfss\ot1ztmcm.fd"
File: ot1ztmcm.fd 2000/01/03 Fontinst v1.801 font definitions for OT1/ztmcm.
)
LaTeX Font Info:    Try loading font information for OML+ztmcm on input line 96
.

("C:\Program Files (x86)\MiKTeX 2.9\tex\latex\psnfss\omlztmcm.fd"
File: omlztmcm.fd 2000/01/03 Fontinst v1.801 font definitions for OML/ztmcm.
)
LaTeX Font Info:    Try loading font information for OMS+ztmcm on input line 96
.

("C:\Program Files (x86)\MiKTeX 2.9\tex\latex\psnfss\omsztmcm.fd"
File: omsztmcm.fd 2000/01/03 Fontinst v1.801 font definitions for OMS/ztmcm.
)
LaTeX Font Info:    Try loading font information for OMX+ztmcm on input line 96
.

("C:\Program Files (x86)\MiKTeX 2.9\tex\latex\psnfss\omxztmcm.fd"
File: omxztmcm.fd 2000/01/03 Fontinst v1.801 font definitions for OMX/ztmcm.
)
LaTeX Font Info:    Font shape `OT1/ptm/bx/n' in size <12> not available
(Font)              Font shape `OT1/ptm/b/n' tried instead on input line 96.
LaTeX Font Info:    Font shape `OT1/ptm/bx/n' in size <9> not available
(Font)              Font shape `OT1/ptm/b/n' tried instead on input line 96.
LaTeX Font Info:    Font shape `OT1/ptm/bx/n' in size <7> not available
(Font)              Font shape `OT1/ptm/b/n' tried instead on input line 96.
Package xypdf Info: Line width: 0.47987pt on input line 96.
\c@lstlisting=\count152


! LaTeX Error: Can be used only in preamble.

See the LaTeX manual or LaTeX Companion for explanation.
Type  H <return>  for immediate help.
 ...                                              
                                                  
l.97           \usepackage
                          {sectsty}
? 
[1

{C:/Users/Dexter/AppData/Local/MiKTeX/2.9/pdftex/config/pdftex.map}]
LaTeX Font Info:    Font shape `OT1/ptm/bx/n' in size <24.88> not available
(Font)              Font shape `OT1/ptm/b/n' tried instead on input line 111.

("G:\MCA Report\ANKIT APRIL REPORT 2013.toc"
! Misplaced alignment tab character &.
<argument> \numberline {1.5}Locations &
                                        Rules 
l.6 ...on}{\numberline {1.5}Locations & Rules }{4}
                                                  
? 
[1

]
! Misplaced alignment tab character &.
<argument> \numberline {8.1}Code &
                                   Screen Shots
l.45 ...{\numberline {8.1}Code & Screen Shots}{32}
                                                  
? 
[2])
\tf@toc=\write4
 [3] ("G:\MCA Report\ANKIT APRIL REPORT 2013.lof"
! Misplaced alignment tab character &.
<argument> ...e {9.1}{\ignorespaces Spash Screen &
                                                   Team Select}
l.20 ...orespaces Spash Screen & Team Select}}{51}
                                                  
? 
! Misplaced alignment tab character &.
<argument> ...line {9.2}{\ignorespaces Main Menu &
                                                   Task List}
l.21 ...{\ignorespaces Main Menu & Task List}}{52}
                                                  
? 
! Misplaced alignment tab character &.
<argument> ...e {9.3}{\ignorespaces OverLays Map &
                                                   Custom Location}
l.22 ...paces OverLays Map & Custom Location}}{53}
                                                  
? 
)
\tf@lof=\write5
 [4

] ("G:\MCA Report\ANKIT APRIL REPORT 2013.lot")
\tf@lot=\write6
 [5

]
("G:\MCA Report\Requirement-Engineering.tex"
Chapter 1.
LaTeX Font Info:    Font shape `OT1/ptm/bx/n' in size <14.4> not available
(Font)              Font shape `OT1/ptm/b/n' tried instead on input line 32.
LaTeX Font Info:    Try loading font information for OMS+ptm on input line 38.
("C:\Program Files (x86)\MiKTeX 2.9\tex\latex\psnfss\omsptm.fd"
File: omsptm.fd 
)
LaTeX Font Info:    Font shape `OMS/ptm/m/n' in size <12> not available
(Font)              Font shape `OMS/cmsy/m/n' tried instead on input line 38.

! Misplaced alignment tab character &.
l.39 	  \item Visit the "Hide &
                                Seek a Cache" page.
? 
LaTeX Font Info:    Font shape `OT1/ptm/bx/n' in size <17.28> not available
(Font)              Font shape `OT1/ptm/b/n' tried instead on input line 48.
! Missing number, treated as zero.
<to be read again> 
                   \ttl@glcmds 
l.48 	\section{Background}
                          
? 
! Illegal unit of measure (pt inserted).
<to be read again> 
                   \ttl@glcmds 
l.48 	\section{Background}
                          
? 
[1

]
! Missing number, treated as zero.
<to be read again> 
                   \ttl@glcmds 
l.113 	\section{Implementation and Methodology}
                                               
? 
! Illegal unit of measure (pt inserted).
<to be read again> 
                   \ttl@glcmds 
l.113 	\section{Implementation and Methodology}
                                               
? 
[2]
! Missing number, treated as zero.
<to be read again> 
                   \ttl@glcmds 
l.132 	\section{Designing Treasure Hunting Game}
                                                
? 
! Illegal unit of measure (pt inserted).
<to be read again> 
                   \ttl@glcmds 
l.132 	\section{Designing Treasure Hunting Game}
                                                
? 
Missing character: There is no ‚ in font ptmr7t!
Missing character: There is no Ä in font ptmr7t!
Missing character: There is no ú in font ptmr7t!
Missing character: There is no ‚ in font ptmr7t!
Missing character: There is no Ä in font ptmr7t!
Missing character: There is no ù in font ptmr7t!

Overfull \hbox (1.04446pt too wide) in paragraph at lines 134--135
\OT1/ptm/m/n/12 There-fore, the cam-pus en-vi-ron-ment and lo-cal en-vi-ron-men
t off the cam-pus both can be adopted.
 []

Missing character: There is no ‚ in font ptmr7t!
Missing character: There is no Ä in font ptmr7t!
Missing character: There is no ô in font ptmr7t!
Missing character: There is no ‚ in font ptmr7t!
Missing character: There is no Ä in font ptmr7t!
Missing character: There is no ô in font ptmr7t!
[3]
Missing character: There is no ‚ in font ptmr7t!
Missing character: There is no Ä in font ptmr7t!
Missing character: There is no ô in font ptmr7t!

! Missing number, treated as zero.
<to be read again> 
                   \ttl@glcmds 
l.147 	\section{Proposed  System Advantages}
                                            
? 
! Illegal unit of measure (pt inserted).
<to be read again> 
                   \ttl@glcmds 
l.147 	\section{Proposed  System Advantages}
                                            
? 
! Missing number, treated as zero.
<to be read again> 
                   \ttl@glcmds 
l.172 	\section{Locations & Rules }
                                   
? 
! Illegal unit of measure (pt inserted).
<to be read again> 
                   \ttl@glcmds 
l.172 	\section{Locations & Rules }
                                   
? 
[4]
! Missing number, treated as zero.
<to be read again> 
                   \ttl@glcmds 
l.180 	\section{Trackables}
                           
? 
! Illegal unit of measure (pt inserted).
<to be read again> 
                   \ttl@glcmds 
l.180 	\section{Trackables}
                           
? 
Missing character: There is no ¬ in font ptmr7t!
Missing character: There is no Æ in font ptmr7t!
! Missing number, treated as zero.
<to be read again> 
                   \ttl@glcmds 
l.189 	\section{Conclusion}
                           
? 
! Illegal unit of measure (pt inserted).
<to be read again> 
                   \ttl@glcmds 
l.189 	\section{Conclusion}
                           
? 
[5] [6]
Chapter 2.
! Missing number, treated as zero.
<to be read again> 
                   \ttl@glcmds 
l.243 	\section{Hardware Requirement }
                                      
? 
! Illegal unit of measure (pt inserted).
<to be read again> 
                   \ttl@glcmds 
l.243 	\section{Hardware Requirement }
                                      
? 
! Missing number, treated as zero.
<to be read again> 
                   \ttl@glcmds 
l.263 	\section{Software Requirement }
                                      
? 
! Illegal unit of measure (pt inserted).
<to be read again> 
                   \ttl@glcmds 
l.263 	\section{Software Requirement }
                                      
? 
[7

]
! Missing number, treated as zero.
<to be read again> 
                   \ttl@glcmds 
l.287 	\section{Functional Requirement}
                                       
? 
! Illegal unit of measure (pt inserted).
<to be read again> 
                   \ttl@glcmds 
l.287 	\section{Functional Requirement}
                                       
? 
! Missing number, treated as zero.
<to be read again> 
                   \ttl@glcmds 
l.291 	\section{Non Functional Requirements}
                                            
? 
! Illegal unit of measure (pt inserted).
<to be read again> 
                   \ttl@glcmds 
l.291 	\section{Non Functional Requirements}
                                            
? 
! Missing number, treated as zero.
<to be read again> 
                   \ttl@glcmds 
l.298 	\section{Requirement}
                            
? 
! Illegal unit of measure (pt inserted).
<to be read again> 
                   \ttl@glcmds 
l.298 	\section{Requirement}
                            
? 
[8]
! Missing number, treated as zero.
<to be read again> 
                   \ttl@glcmds 
l.314 	\section{Software Tools}
                               
? 
! Illegal unit of measure (pt inserted).
<to be read again> 
                   \ttl@glcmds 
l.314 	\section{Software Tools}
                               
? 
[9] [10]
Chapter 3.
! Missing number, treated as zero.
<to be read again> 
                   \ttl@glcmds 
l.332 \section{Introduction}
                            
? 
! Illegal unit of measure (pt inserted).
<to be read again> 
                   \ttl@glcmds 
l.332 \section{Introduction}
                            
? 
! Missing number, treated as zero.
<to be read again> 
                   \ttl@glcmds 
l.335 	\section{System and Database Design}
                                           
? 
! Illegal unit of measure (pt inserted).
<to be read again> 
                   \ttl@glcmds 
l.335 	\section{System and Database Design}
                                           
? 
[11

] [12] [13]
Chapter 4.
! Missing number, treated as zero.
<to be read again> 
                   \ttl@glcmds 
l.419 \section{Data Flow Diagram}
                                 
? 
! Illegal unit of measure (pt inserted).
<to be read again> 
                   \ttl@glcmds 
l.419 \section{Data Flow Diagram}
                                 
? 
Missing character: There is no ‚ in font ptmr7t!
Missing character: There is no Ä in font ptmr7t!
Missing character: There is no ú in font ptmr7t!
Missing character: There is no ‚ in font ptmr7t!
Missing character: There is no Ä in font ptmr7t!
Missing character: There is no ù in font ptmr7t!

Underfull \hbox (badness 10000) in paragraph at lines 420--421

 []

! Missing $ inserted.
<inserted text> 
                $
l.423 \left
           
? 
! Missing delimiter (. inserted).
<to be read again> 
                   \let 
l.424 \includegraphics
                      [width=150mm]{images/dfd0}
? 
<images/dfd0.png, id=65, 742.775pt x 481.8pt>
File: images/dfd0.png Graphic file (type png)
 <use images/dfd0.png>
Package pdftex.def Info: images/dfd0.png used on input line 424.
(pdftex.def)             Requested size: 426.79134pt x 276.84169pt.

! Missing $ inserted.
<inserted text> 
                $
l.425 \caption{Dafa Flow Diagram 0}
                                   
? 
! Missing \right. inserted.
<inserted text> 
                \right .
l.425 \caption{Dafa Flow Diagram 0}
                                   
? 
[14

 <G:/MCA Report/images/dfd0.png (PNG copy)>]
! Missing $ inserted.
<inserted text> 
                $
l.431 \left
           
? 
! Missing delimiter (. inserted).
<to be read again> 
                   \let 
l.432 \includegraphics
                      [width=150mm]{dfd0}
? 
<dfd0.png, id=69, 622.325pt x 691.58376pt>
File: dfd0.png Graphic file (type png)
 <use dfd0.png>
Package pdftex.def Info: dfd0.png used on input line 432.
(pdftex.def)             Requested size: 426.79134pt x 474.2913pt.

! Missing $ inserted.
<inserted text> 
                $
l.433 \caption{Dafa Flow Diagram 1}
                                   
? 
! Missing \right. inserted.
<inserted text> 
                \right .
l.433 \caption{Dafa Flow Diagram 1}
                                   
? 
[15 <G:/MCA Report/dfd0.png>]
! Missing number, treated as zero.
<to be read again> 
                   \ttl@glcmds 
l.438 \section{Sequence Diagram}
                                
? 
! Illegal unit of measure (pt inserted).
<to be read again> 
                   \ttl@glcmds 
l.438 \section{Sequence Diagram}
                                
? 

Underfull \hbox (badness 10000) in paragraph at lines 439--440

 []

! Missing $ inserted.
<inserted text> 
                $
l.442 \left
           
? 
! Missing delimiter (. inserted).
<to be read again> 
                   \let 
l.443 \includegraphics
                      [width=150mm]{splash}
? 
<splash.png, id=73, 542.025pt x 391.4625pt>
File: splash.png Graphic file (type png)
 <use splash.png>
Package pdftex.def Info: splash.png used on input line 443.
(pdftex.def)             Requested size: 426.79134pt x 308.24847pt.

! Missing $ inserted.
<inserted text> 
                $
l.444 \caption{A simple Splash Screen Loading}
                                              
? 
! Missing \right. inserted.
<inserted text> 
                \right .
l.444 \caption{A simple Splash Screen Loading}
                                              
? 
[16 <G:/MCA Report/splash.png (PNG copy)>]
! Missing number, treated as zero.
<to be read again> 
                   \ttl@glcmds 
l.450 \section{Activity Diagram}
                                
? 
! Illegal unit of measure (pt inserted).
<to be read again> 
                   \ttl@glcmds 
l.450 \section{Activity Diagram}
                                
? 
! Missing $ inserted.
<inserted text> 
                $
l.454 \left
           
? 
! Missing delimiter (. inserted).
<to be read again> 
                   \let 
l.455 \includegraphics
                      [width=150mm]{images/activityflow}
? 
<images/activityflow.png, id=77, 792.9625pt x 772.8875pt>
File: images/activityflow.png Graphic file (type png)

<use images/activityflow.png>
Package pdftex.def Info: images/activityflow.png used on input line 455.
(pdftex.def)             Requested size: 426.79134pt x 415.9968pt.

! Missing $ inserted.
<inserted text> 
                $
l.456 \caption{Game Checking Flow}
                                  
? 
! Missing \right. inserted.
<inserted text> 
                \right .
l.456 \caption{Game Checking Flow}
                                  
? 
! Missing $ inserted.
<inserted text> 
                $
l.461 \left
           
? 
! Missing delimiter (. inserted).
<to be read again> 
                   \let 
l.462 \includegraphics
                      [width=150mm]{reset}
? 
<reset.png, id=78, 1104.125pt x 421.575pt>
File: reset.png Graphic file (type png)
 <use reset.png>
Package pdftex.def Info: reset.png used on input line 462.
(pdftex.def)             Requested size: 426.79134pt x 162.9598pt.

! Missing $ inserted.
<inserted text> 
                $
l.463 \caption{Game Activity Flow}
                                  
? 
! Missing \right. inserted.
<inserted text> 
                \right .
l.463 \caption{Game Activity Flow}
                                  
? 
! Missing number, treated as zero.
<to be read again> 
                   \ttl@glcmds 
l.468 \section{Use Case Diagram}
                                
? 
! Illegal unit of measure (pt inserted).
<to be read again> 
                   \ttl@glcmds 
l.468 \section{Use Case Diagram}
                                
? 
! Missing $ inserted.
<inserted text> 
                $
l.472 \left
           
? 
! Missing delimiter (. inserted).
<to be read again> 
                   \let 
l.473 \includegraphics
                      [width=150mm]{images/Usecases}
? 
<images/Usecases.png, id=79, 823.075pt x 260.975pt>
File: images/Usecases.png Graphic file (type png)
 <use images/Usecases.png>
Package pdftex.def Info: images/Usecases.png used on input line 473.
(pdftex.def)             Requested size: 426.79134pt x 135.32549pt.

! Missing $ inserted.
<inserted text> 
                $
l.474 \caption{Use Case Diagram}
                                
? 
! Missing \right. inserted.
<inserted text> 
                \right .
l.474 \caption{Use Case Diagram}
                                
? 
[17 <G:/MCA Report/images/activityflow.png (PNG copy)>] [18 <G:/MCA Report/rese
t.png (PNG copy)> <G:/MCA Report/images/Usecases.png (PNG copy)>]
Chapter 5.
! Missing number, treated as zero.
<to be read again> 
                   \ttl@glcmds 
l.487 \section{Input Design}
                            
? 
! Illegal unit of measure (pt inserted).
<to be read again> 
                   \ttl@glcmds 
l.487 \section{Input Design}
                            
? 
[19

]
! Missing number, treated as zero.
<to be read again> 
                   \ttl@glcmds 
l.505 \section{Output Design}
                             
? 
! Illegal unit of measure (pt inserted).
<to be read again> 
                   \ttl@glcmds 
l.505 \section{Output Design}
                             
? 
Missing character: There is no ‚ in font ptmr7t!
Missing character: There is no Ä in font ptmr7t!
Missing character: There is no ô in font ptmr7t!
[20]
Chapter 6.
! Missing number, treated as zero.
<to be read again> 
                   \ttl@glcmds 
l.512 \section{Module Description}
                                  
? 
! Illegal unit of measure (pt inserted).
<to be read again> 
                   \ttl@glcmds 
l.512 \section{Module Description}
                                  
? 
[21

] ("G:\MCA Report\async.py"
LaTeX Font Info:    Try loading font information for OML+ptm on input line 1.

("C:\Program Files (x86)\MiKTeX 2.9\tex\latex\psnfss\omlptm.fd"
File: omlptm.fd 
)
LaTeX Font Info:    Font shape `OML/ptm/m/n' in size <10.95> not available
(Font)              Font shape `OML/cmm/m/it' tried instead on input line 1.
LaTeX Font Info:    Font shape `OMS/ptm/m/n' in size <10.95> not available
(Font)              Font shape `OMS/cmsy/m/n' tried instead on input line 1.
) [22]
! You can't use `macro parameter character #' in horizontal mode.
l.541 ...family of languages, including C, C++, C#
                                                  , Java, JavaScript, Perl, ...

? 

! Package Listings Error: File `json(.txt)' not found.

Type X to quit or <RETURN> to proceed,
or enter new name. (Default extension: txt)

Enter file name: 
("G:\MCA Report\sqllitehelper.py" [23] [24])
! Missing $ inserted.
<inserted text> 
                $
l.562 ...ance from the system by calling LOCATION_
                                                  SERVICE.
? 
! Missing $ inserted.
<inserted text> 
                $
l.563 
      
? 

Overfull \hbox (2.07571pt too wide) in paragraph at lines 562--563
\OT1/ptm/m/n/12 Android gives your ap-pli-ca-tions ac-cess to the lo-ca-tion se
r-vices sup-ported by the de-vice through
 []

("G:\MCA Report\gps.py" [25]
LaTeX Font Info:    Font shape `OT1/ptm/bx/n' in size <10.95> not available
(Font)              Font shape `OT1/ptm/b/n' tried instead on input line 19.
LaTeX Font Info:    Font shape `OT1/ptm/bx/n' in size <8> not available
(Font)              Font shape `OT1/ptm/b/n' tried instead on input line 19.
LaTeX Font Info:    Font shape `OT1/ptm/bx/n' in size <6> not available
(Font)              Font shape `OT1/ptm/b/n' tried instead on input line 19.
) [26]
Chapter 7.
! Missing number, treated as zero.
<to be read again> 
                   \ttl@glcmds 
l.578 \section{General}
                       
? 
! Illegal unit of measure (pt inserted).
<to be read again> 
                   \ttl@glcmds 
l.578 \section{General}
                       
? 
! Missing number, treated as zero.
<to be read again> 
                   \ttl@glcmds 
l.581 \section{Developing Methodologies}
                                        
? 
! Illegal unit of measure (pt inserted).
<to be read again> 
                   \ttl@glcmds 
l.581 \section{Developing Methodologies}
                                        
? 
! Missing number, treated as zero.
<to be read again> 
                   \ttl@glcmds 
l.585 \section{Robotium  benefits over other }
                                              
? 
! Illegal unit of measure (pt inserted).
<to be read again> 
                   \ttl@glcmds 
l.585 \section{Robotium  benefits over other }
                                              
? 
<robotinium.jpg, id=114, 395.4775pt x 128.48pt>
File: robotinium.jpg Graphic file (type jpg)
 <use robotinium.jpg>
Package pdftex.def Info: robotinium.jpg used on input line 589.
(pdftex.def)             Requested size: 197.73827pt x 64.23984pt.
 [27

 <G:/MCA Report/robotinium.jpg>]
! Missing number, treated as zero.
<to be read again> 
                   \ttl@glcmds 
l.604 \section{Results}
                       
? 
! Illegal unit of measure (pt inserted).
<to be read again> 
                   \ttl@glcmds 
l.604 \section{Results}
                       
? 
<testingcall.png, id=118, 756.8275pt x 928.46875pt>
File: testingcall.png Graphic file (type png)
 <use testingcall.png>
Package pdftex.def Info: testingcall.png used on input line 607.
(pdftex.def)             Requested size: 378.41283pt x 464.23325pt.

("G:\MCA Report\robotinium.py" [28] [29]) [30] [31 <G:/MCA Report/testingcall.p
ng (PNG copy)>]
Chapter 8.
! Missing number, treated as zero.
<to be read again> 
                   \ttl@glcmds 
l.620 ...{\ignorespacesSource Code & Screen Shots}
                                                  
? 
! Illegal unit of measure (pt inserted).
<to be read again> 
                   \ttl@glcmds 
l.620 ...{\ignorespacesSource Code & Screen Shots}
                                                  
? 
! Undefined control sequence.
<argument> ...abel \ttl@a \fi \ignorespacesSource 
                                                  Code & Screen Shots}{\thep...
l.620 ...{\ignorespacesSource Code & Screen Shots}
                                                  
? 
<snaps/splash.png, id=132, 180.675pt x 321.45094pt>
File: snaps/splash.png Graphic file (type png)
 <use snaps/splash.png>
Package pdftex.def Info: snaps/splash.png used on input line 626.
(pdftex.def)             Requested size: 126.47162pt x 225.01411pt.

Runaway argument?
{Splash Screen is a view that appears for sometimes (3 or 4 seconds).\ETC.
! Paragraph ended before \text@command was complete.
<to be read again> 
                   \par 
l.632 }
       
? 
Missing character: There is no ‚ in font ptmr7t!
Missing character: There is no Ä in font ptmr7t!
Missing character: There is no ì in font ptmr7t!
Missing character: There is no ‚ in font ptmr7t!
Missing character: There is no Ä in font ptmr7t!
Missing character: There is no ô in font ptmr7t!
! Too many }'s.
<recently read> \egroup 
                        
l.632 }
       
? 
("G:\MCA Report\splash.py" [32

 <G:/MCA Report/snaps/splash.png>] [33] [34]
[35] [36]) <snaps/location.png, id=148, 180.675pt x 321.45094pt>
File: snaps/location.png Graphic file (type png)

<use snaps/location.png>
Package pdftex.def Info: snaps/location.png used on input line 645.
(pdftex.def)             Requested size: 108.40582pt x 192.87204pt.

Runaway argument?
{ Location Marker is responsible for plotting the real time location \ETC.
! Paragraph ended before \text@command was complete.
<to be read again> 
                   \par 
l.655 }
       
? 
[37 <G:/MCA Report/snaps/location.png>]
! Too many }'s.
<recently read> \egroup 
                        
l.655 }
       
? 
("G:\MCA Report\showthemap.py" [38] [39] [40] [41] [42] [43] [44] [45] [46]
[47] [48])
! Missing $ inserted.
<inserted text> 
                $
l.676 
      
? 
! Display math should end with $$.
<to be read again> 
                   \par 
l.676 
      
? 

! LaTeX Error: Bad math environment delimiter.

See the LaTeX manual or LaTeX Companion for explanation.
Type  H <return>  for immediate help.
 ...                                              
                                                  
l.677 \end{equation*}
                     
? 
! Missing $ inserted.
<inserted text> 
                $
l.677 \end{equation*}
                     
? 
! Display math should end with $$.
<to be read again> 
                   \endgroup 
l.677 \end{equation*}
                     
? 
<xymatrix 2x2 168> <xymatrix 2x2 168> [49] [50]
Chapter 9.
File: snaps/splash.png Graphic file (type png)
<use snaps/splash.png>
Package pdftex.def Info: snaps/splash.png used on input line 701.
(pdftex.def)             Requested size: 180.67499pt x 321.45505pt.
 <snaps/user.png, id=200, 180.675pt x 321.45094pt>
File: snaps/user.png Graphic file (type png)

<use snaps/user.png>
Package pdftex.def Info: snaps/user.png used on input line 702.
(pdftex.def)             Requested size: 180.67499pt x 321.45505pt.

! Extra alignment tab has been changed to \cr.
<recently read> \endtemplate 
                             
l.702 \includegraphics[width=2.5in]{snaps/user} &
                                                 
? 
! Misplaced alignment tab character &.
<argument> ...sname : \ignorespaces Spash Screen &
                                                   Team Select
l.706 \caption{Spash Screen & Team Select}
                                          
? 
<snaps/3.png, id=201, 180.675pt x 321.45094pt>
File: snaps/3.png Graphic file (type png)
 <use snaps/3.png>
Package pdftex.def Info: snaps/3.png used on input line 712.
(pdftex.def)             Requested size: 180.67499pt x 321.45505pt.

<snaps/4.png, id=202, 180.675pt x 321.45094pt>
File: snaps/4.png Graphic file (type png)
 <use snaps/4.png>
Package pdftex.def Info: snaps/4.png used on input line 713.
(pdftex.def)             Requested size: 180.67499pt x 321.45505pt.

! Misplaced alignment tab character &.
<argument> ...ndcsname : \ignorespaces Main Menu &
                                                   Task List
l.716 \caption{Main Menu & Task List}
                                     
? 

LaTeX Warning: `h' float specifier changed to `ht'.

<snaps/5.png, id=203, 180.675pt x 321.45094pt>
File: snaps/5.png Graphic file (type png)
 <use snaps/5.png>
Package pdftex.def Info: snaps/5.png used on input line 722.
(pdftex.def)             Requested size: 180.67499pt x 321.45505pt.

<snaps/6.png, id=204, 180.675pt x 321.45094pt>
File: snaps/6.png Graphic file (type png)
 <use snaps/6.png>
Package pdftex.def Info: snaps/6.png used on input line 723.
(pdftex.def)             Requested size: 180.67499pt x 321.45505pt.

! Misplaced alignment tab character &.
<argument> ...sname : \ignorespaces OverLays Map &
                                                   Custom Location
l.726 \caption{OverLays Map & Custom Location}
                                              
? 

LaTeX Warning: `h' float specifier changed to `ht'.

<snaps/7.png, id=205, 180.675pt x 321.45094pt>
File: snaps/7.png Graphic file (type png)
 <use snaps/7.png>
Package pdftex.def Info: snaps/7.png used on input line 732.
(pdftex.def)             Requested size: 180.67499pt x 321.45505pt.

<snaps/8.png, id=206, 180.675pt x 321.45094pt>
File: snaps/8.png Graphic file (type png)
 <use snaps/8.png>
Package pdftex.def Info: snaps/8.png used on input line 733.
(pdftex.def)             Requested size: 180.67499pt x 321.45505pt.


LaTeX Warning: `h' float specifier changed to `ht'.

<images/maps.png, id=207, 961.5925pt x 767.86874pt>
File: images/maps.png Graphic file (type png)
 <use images/maps.png>
Package pdftex.def Info: images/maps.png used on input line 742.
(pdftex.def)             Requested size: 180.67499pt x 144.26794pt.


LaTeX Warning: `h' float specifier changed to `ht'.

[51

 <G:/MCA Report/snaps/user.png>] [52 <G:/MCA Report/snaps/3.png> <G:/MCA Report
/snaps/4.png>] [53 <G:/MCA Report/snaps/5.png> <G:/MCA Report/snaps/6.png>]
[54 <G:/MCA Report/snaps/7.png> <G:/MCA Report/snaps/8.png> <G:/MCA Report/imag
es/maps.png>]
Chapter 10.

Underfull \hbox (badness 10000) in paragraph at lines 754--755

 []

[55

]
Chapter 11.

! LaTeX Error: \begin{document} ended by \end{adjustwidth}.

See the LaTeX manual or LaTeX Companion for explanation.
Type  H <return>  for immediate help.
 ...                                              
                                                  
l.767 \end{adjustwidth}
                       
? 
! Extra \endgroup.
<recently read> \endgroup 
                          
l.767 \end{adjustwidth}
                       
? 
) ("G:\MCA Report\ref.tex" [56

]
! Undefined control sequence.
l.3 \lhead
          {}\markboth{\bibname}{}
? 
Missing character: There is no √ in font ptmr7t!
Missing character: There is no © in font ptmr7t!
) [57

] ("G:\MCA Report\ANKIT APRIL REPORT 2013.aux")

LaTeX Warning: There were multiply-defined labels.

 ) 
Here is how much of TeX's memory you used:
 9069 strings out of 493921
 120081 string characters out of 3144873
 458993 words of memory out of 3000000
 12160 multiletter control sequences out of 15000+200000
 37297 words of font info for 86 fonts, out of 3000000 for 9000
 841 hyphenation exceptions out of 8191
 37i,19n,40p,1498b,1522s stack positions out of 5000i,500n,10000p,200000b,50000s
{C:/Program Files (x86)/MiKTeX 2.9/fonts/enc/dvips/fontname/8r.enc}<C:/Progra
m Files (x86)/MiKTeX 2.9/fonts/type1/public/amsfonts/cm/cmex10.pfb><C:/Program 
Files (x86)/MiKTeX 2.9/fonts/type1/public/amsfonts/cm/cmmi10.pfb><C:/Program Fi
les (x86)/MiKTeX 2.9/fonts/type1/public/amsfonts/cm/cmr10.pfb><C:/Program Files
 (x86)/MiKTeX 2.9/fonts/type1/public/amsfonts/cm/cmsy10.pfb><C:/Users/Dexter/Ap
pData/Roaming/MiKTeX/2.9/fonts/type1/urw/symbol/usyr.pfb><C:/Program Files (x86
)/MiKTeX 2.9/fonts/type1/urw/times/utmb8a.pfb><C:/Program Files (x86)/MiKTeX 2.
9/fonts/type1/urw/times/utmr8a.pfb><C:/Program Files (x86)/MiKTeX 2.9/fonts/typ
e1/urw/times/utmri8a.pfb><C:/Program Files (x86)/MiKTeX 2.9/fonts/type1/public/
xypic/xyatip10.pfb><C:/Program Files (x86)/MiKTeX 2.9/fonts/type1/public/xypic/
xybtip10.pfb><C:/Program Files (x86)/MiKTeX 2.9/fonts/type1/public/xypic/xydash
10.pfb>
Output written on "ANKIT APRIL REPORT 2013.pdf" (63 pages, 1293565 bytes).
PDF statistics:
 268 PDF objects out of 1000 (max. 8388607)
 0 named destinations out of 1000 (max. 500000)
 91 words of extra memory for PDF output out of 10000 (max. 10000000)

