This is pdfTeX, Version 3.1415926-2.4-1.40.13 (MiKTeX 2.9) (preloaded format=pdflatex 2013.4.19)  28 MAY 2013 18:19
entering extended mode
**G:/MCA*Report/times.tex
("G:/MCA Report/times.tex"
LaTeX2e <2011/06/27>
Babel <v3.8m> and hyphenation patterns for english, afrikaans, ancientgreek, ar
abic, armenian, assamese, basque, bengali, bokmal, bulgarian, catalan, coptic, 
croatian, czech, danish, dutch, esperanto, estonian, farsi, finnish, french, ga
lician, german, german-x-2012-05-30, greek, gujarati, hindi, hungarian, iceland
ic, indonesian, interlingua, irish, italian, kannada, kurmanji, latin, latvian,
 lithuanian, malayalam, marathi, mongolian, mongolianlmc, monogreek, ngerman, n
german-x-2012-05-30, nynorsk, oriya, panjabi, pinyin, polish, portuguese, roman
ian, russian, sanskrit, serbian, slovak, slovenian, spanish, swedish, swissgerm
an, tamil, telugu, turkish, turkmen, ukenglish, ukrainian, uppersorbian, usengl
ishmax, welsh, loaded.
("C:\Program Files (x86)\MiKTeX 2.9\tex\latex\base\report.cls"
Document Class: report 2007/10/19 v1.4h Standard LaTeX document class
("C:\Program Files (x86)\MiKTeX 2.9\tex\latex\base\size12.clo"
File: size12.clo 2007/10/19 v1.4h Standard LaTeX file (size option)
)
\c@part=\count79
\c@chapter=\count80
\c@section=\count81
\c@subsection=\count82
\c@subsubsection=\count83
\c@paragraph=\count84
\c@subparagraph=\count85
\c@figure=\count86
\c@table=\count87
\abovecaptionskip=\skip41
\belowcaptionskip=\skip42
\bibindent=\dimen102
)
("C:\Program Files (x86)\MiKTeX 2.9\tex\latex\geometry\geometry.sty"
Package: geometry 2010/09/12 v5.6 Page Geometry

("C:\Program Files (x86)\MiKTeX 2.9\tex\latex\graphics\keyval.sty"
Package: keyval 1999/03/16 v1.13 key=value parser (DPC)
\KV@toks@=\toks14
)
("C:\Program Files (x86)\MiKTeX 2.9\tex\generic\oberdiek\ifpdf.sty"
Package: ifpdf 2011/01/30 v2.3 Provides the ifpdf switch (HO)
Package ifpdf Info: pdfTeX in PDF mode is detected.
)
("C:\Program Files (x86)\MiKTeX 2.9\tex\generic\oberdiek\ifvtex.sty"
Package: ifvtex 2010/03/01 v1.5 Detect VTeX and its facilities (HO)
Package ifvtex Info: VTeX not detected.
)
("C:\Program Files (x86)\MiKTeX 2.9\tex\generic\ifxetex\ifxetex.sty"
Package: ifxetex 2010/09/12 v0.6 Provides ifxetex conditional
)
\Gm@cnth=\count88
\Gm@cntv=\count89
\c@Gm@tempcnt=\count90
\Gm@bindingoffset=\dimen103
\Gm@wd@mp=\dimen104
\Gm@odd@mp=\dimen105
\Gm@even@mp=\dimen106
\Gm@layoutwidth=\dimen107
\Gm@layoutheight=\dimen108
\Gm@layouthoffset=\dimen109
\Gm@layoutvoffset=\dimen110
\Gm@dimlist=\toks15

("C:\Program Files (x86)\MiKTeX 2.9\tex\latex\geometry\geometry.cfg"))
("C:\Program Files (x86)\MiKTeX 2.9\tex\latex\psnfss\mathptmx.sty"
Package: mathptmx 2005/04/12 PSNFSS-v9.2a Times w/ Math, improved (SPQR, WaS) 
LaTeX Font Info:    Redeclaring symbol font `operators' on input line 28.
LaTeX Font Info:    Overwriting symbol font `operators' in version `normal'
(Font)                  OT1/cmr/m/n --> OT1/ztmcm/m/n on input line 28.
LaTeX Font Info:    Overwriting symbol font `operators' in version `bold'
(Font)                  OT1/cmr/bx/n --> OT1/ztmcm/m/n on input line 28.
LaTeX Font Info:    Redeclaring symbol font `letters' on input line 29.
LaTeX Font Info:    Overwriting symbol font `letters' in version `normal'
(Font)                  OML/cmm/m/it --> OML/ztmcm/m/it on input line 29.
LaTeX Font Info:    Overwriting symbol font `letters' in version `bold'
(Font)                  OML/cmm/b/it --> OML/ztmcm/m/it on input line 29.
LaTeX Font Info:    Redeclaring symbol font `symbols' on input line 30.
LaTeX Font Info:    Overwriting symbol font `symbols' in version `normal'
(Font)                  OMS/cmsy/m/n --> OMS/ztmcm/m/n on input line 30.
LaTeX Font Info:    Overwriting symbol font `symbols' in version `bold'
(Font)                  OMS/cmsy/b/n --> OMS/ztmcm/m/n on input line 30.
LaTeX Font Info:    Redeclaring symbol font `largesymbols' on input line 31.
LaTeX Font Info:    Overwriting symbol font `largesymbols' in version `normal'
(Font)                  OMX/cmex/m/n --> OMX/ztmcm/m/n on input line 31.
LaTeX Font Info:    Overwriting symbol font `largesymbols' in version `bold'
(Font)                  OMX/cmex/m/n --> OMX/ztmcm/m/n on input line 31.
\symbold=\mathgroup4
\symitalic=\mathgroup5
LaTeX Font Info:    Redeclaring math alphabet \mathbf on input line 34.
LaTeX Font Info:    Overwriting math alphabet `\mathbf' in version `normal'
(Font)                  OT1/cmr/bx/n --> OT1/ptm/bx/n on input line 34.
LaTeX Font Info:    Overwriting math alphabet `\mathbf' in version `bold'
(Font)                  OT1/cmr/bx/n --> OT1/ptm/bx/n on input line 34.
LaTeX Font Info:    Redeclaring math alphabet \mathit on input line 35.
LaTeX Font Info:    Overwriting math alphabet `\mathit' in version `normal'
(Font)                  OT1/cmr/m/it --> OT1/ptm/m/it on input line 35.
LaTeX Font Info:    Overwriting math alphabet `\mathit' in version `bold'
(Font)                  OT1/cmr/bx/it --> OT1/ptm/m/it on input line 35.
LaTeX Info: Redefining \hbar on input line 50.
)
("C:\Program Files (x86)\MiKTeX 2.9\tex\latex\psnfss\helvet.sty"
Package: helvet 2005/04/12 PSNFSS-v9.2a (WaS) 
)
("C:\Program Files (x86)\MiKTeX 2.9\tex\latex\psnfss\times.sty"
Package: times 2005/04/12 PSNFSS-v9.2a (SPQR) 
)
(C:\Users\Dexter\AppData\Roaming\MiKTeX\2.9\tex\latex\lipsum\lipsum.sty
Package: lipsum 2011/04/14 v1.2 150 paragraphs of Lorem Ipsum dummy text
\c@lips@count=\count91
)
(C:\Users\Dexter\AppData\Roaming\MiKTeX\2.9\tex\latex\setspace\setspace.sty
Package: setspace 2011/12/19 v6.7a set line spacing
)
("C:\Program Files (x86)\MiKTeX 2.9\tex\latex\graphics\graphicx.sty"
Package: graphicx 1999/02/16 v1.0f Enhanced LaTeX Graphics (DPC,SPQR)

("C:\Program Files (x86)\MiKTeX 2.9\tex\latex\graphics\graphics.sty"
Package: graphics 2009/02/05 v1.0o Standard LaTeX Graphics (DPC,SPQR)

("C:\Program Files (x86)\MiKTeX 2.9\tex\latex\graphics\trig.sty"
Package: trig 1999/03/16 v1.09 sin cos tan (DPC)
)
("C:\Program Files (x86)\MiKTeX 2.9\tex\latex\00miktex\graphics.cfg"
File: graphics.cfg 2007/01/18 v1.5 graphics configuration of teTeX/TeXLive
)
Package graphics Info: Driver file: pdftex.def on input line 91.

("C:\Program Files (x86)\MiKTeX 2.9\tex\latex\pdftex-def\pdftex.def"
File: pdftex.def 2011/05/27 v0.06d Graphics/color for pdfTeX

("C:\Program Files (x86)\MiKTeX 2.9\tex\generic\oberdiek\infwarerr.sty"
Package: infwarerr 2010/04/08 v1.3 Providing info/warning/error messages (HO)
)
("C:\Program Files (x86)\MiKTeX 2.9\tex\generic\oberdiek\ltxcmds.sty"
Package: ltxcmds 2011/11/09 v1.22 LaTeX kernel commands for general use (HO)
)
\Gread@gobject=\count92
))
\Gin@req@height=\dimen111
\Gin@req@width=\dimen112
)
(C:\Users\Dexter\AppData\Roaming\MiKTeX\2.9\tex\latex\titlesec\titlesec.sty
Package: titlesec 2011/12/15 v2.10.0 Sectioning titles
\ttl@box=\box26
\beforetitleunit=\skip43
\aftertitleunit=\skip44
\ttl@plus=\dimen113
\ttl@minus=\dimen114
\ttl@toksa=\toks16
\titlewidth=\dimen115
\titlewidthlast=\dimen116
\titlewidthfirst=\dimen117
)
(C:\Users\Dexter\AppData\Roaming\MiKTeX\2.9\tex\latex\listings\listings.sty
\lst@mode=\count93
\lst@gtempboxa=\box27
\lst@token=\toks17
\lst@length=\count94
\lst@currlwidth=\dimen118
\lst@column=\count95
\lst@pos=\count96
\lst@lostspace=\dimen119
\lst@width=\dimen120
\lst@newlines=\count97
\lst@lineno=\count98
\lst@maxwidth=\dimen121

(C:\Users\Dexter\AppData\Roaming\MiKTeX\2.9\tex\latex\listings\lstmisc.sty
File: lstmisc.sty 2007/02/22 1.4 (Carsten Heinz)
\c@lstnumber=\count99
\lst@skipnumbers=\count100
\lst@framebox=\box28
)
(C:\Users\Dexter\AppData\Roaming\MiKTeX\2.9\tex\latex\listings\listings.cfg
File: listings.cfg 2007/02/22 1.4 listings configuration
))
Package: listings 2007/02/22 1.4 (Carsten Heinz)

("C:\Program Files (x86)\MiKTeX 2.9\tex\latex\graphics\color.sty"
Package: color 2005/11/14 v1.0j Standard LaTeX Color (DPC)

("C:\Program Files (x86)\MiKTeX 2.9\tex\latex\00miktex\color.cfg"
File: color.cfg 2007/01/18 v1.5 color configuration of teTeX/TeXLive
)
Package color Info: Driver file: pdftex.def on input line 130.
)
(C:\Users\Dexter\AppData\Roaming\MiKTeX\2.9\tex\latex\listings\lstlang1.sty
File: lstlang1.sty 2004/09/05 1.3 listings language file
)
No file times.aux.
LaTeX Font Info:    Checking defaults for OML/cmm/m/it on input line 63.
LaTeX Font Info:    ... okay on input line 63.
LaTeX Font Info:    Checking defaults for T1/cmr/m/n on input line 63.
LaTeX Font Info:    ... okay on input line 63.
LaTeX Font Info:    Checking defaults for OT1/cmr/m/n on input line 63.
LaTeX Font Info:    ... okay on input line 63.
LaTeX Font Info:    Checking defaults for OMS/cmsy/m/n on input line 63.
LaTeX Font Info:    ... okay on input line 63.
LaTeX Font Info:    Checking defaults for OMX/cmex/m/n on input line 63.
LaTeX Font Info:    ... okay on input line 63.
LaTeX Font Info:    Checking defaults for U/cmr/m/n on input line 63.
LaTeX Font Info:    ... okay on input line 63.
LaTeX Font Info:    Try loading font information for OT1+ptm on input line 63.
("C:\Program Files (x86)\MiKTeX 2.9\tex\latex\psnfss\ot1ptm.fd"
File: ot1ptm.fd 2001/06/04 font definitions for OT1/ptm.
)
*geometry* driver: auto-detecting
*geometry* detected driver: pdftex
*geometry* verbose mode - [ preamble ] result:
* driver: pdftex
* paper: <default>
* layout: <same size as paper>
* layoutoffset:(h,v)=(0.0pt,0.0pt)
* modes: 
* h-part:(L,W,R)=(99.58464pt, 457.80486pt, 56.9055pt)
* v-part:(T,H,B)=(28.45274pt, 695.38536pt, 71.13188pt)
* \paperwidth=614.295pt
* \paperheight=794.96999pt
* \textwidth=457.80486pt
* \textheight=695.38536pt
* \oddsidemargin=27.31465pt
* \evensidemargin=27.31465pt
* \topmargin=-80.81725pt
* \headheight=12.0pt
* \headsep=25.0pt
* \topskip=12.0pt
* \footskip=30.0pt
* \marginparwidth=44.0pt
* \marginparsep=10.0pt
* \columnsep=10.0pt
* \skip\footins=10.8pt plus 4.0pt minus 2.0pt
* \hoffset=0.0pt
* \voffset=0.0pt
* \mag=1000
* \@twocolumnfalse
* \@twosidefalse
* \@mparswitchfalse
* \@reversemarginfalse
* (1in=72.27pt=25.4mm, 1cm=28.453pt)

\big@size=\dimen122
(C:\Users\Dexter\AppData\Roaming\MiKTeX\2.9\tex\context\base\supp-pdf.mkii
[Loading MPS to PDF converter (version 2006.09.02).]
\scratchcounter=\count101
\scratchdimen=\dimen123
\scratchbox=\box29
\nofMPsegments=\count102
\nofMParguments=\count103
\everyMPshowfont=\toks18
\MPscratchCnt=\count104
\MPscratchDim=\dimen124
\MPnumerator=\count105
\makeMPintoPDFobject=\count106
\everyMPtoPDFconversion=\toks19
)
\c@lstlisting=\count107
 ("G:\MCA Report\abstract.tex"

! LaTeX Error: Can be used only in preamble.

See the LaTeX manual or LaTeX Companion for explanation.
Type  H <return>  for immediate help.
 ...                                              
                                                  
l.1 \begin{document}
                    
Your command was ignored.
Type  I <command> <return>  to replace it with another command,
or  <return>  to continue without it.

LaTeX Font Info:    Font shape `OT1/ptm/bx/n' in size <14.4> not available
(Font)              Font shape `OT1/ptm/b/n' tried instead on input line 6.

Underfull \hbox (badness 10000) in paragraph at lines 14--16

 []

[1

{C:/Users/Dexter/AppData/Local/MiKTeX/2.9/pdftex/config/pdftex.map}]
("G:\MCA Report\times.aux") ) )
(\end occurred inside a group at level 1)

### semi simple group (level 1) entered at line 1 (\begingroup)
### bottom level 
Here is how much of TeX's memory you used:
 3453 strings out of 493921
 48756 string characters out of 3144873
 226907 words of memory out of 3000000
 6735 multiletter control sequences out of 15000+200000
 8204 words of font info for 21 fonts, out of 3000000 for 9000
 841 hyphenation exceptions out of 8191
 27i,5n,40p,1040b,219s stack positions out of 5000i,500n,10000p,200000b,50000s
{C:/Program Files (x86)/MiKTeX 2.9/fonts/enc/dvips/fontname/8r.
enc}<C:/Program Files (x86)/MiKTeX 2.9/fonts/type1/urw/times/utmb8a.pfb><C:/Pro
gram Files (x86)/MiKTeX 2.9/fonts/type1/urw/times/utmr8a.pfb>
Output written on times.pdf (1 page, 28388 bytes).
PDF statistics:
 15 PDF objects out of 1000 (max. 8388607)
 0 named destinations out of 1000 (max. 500000)
 1 words of extra memory for PDF output out of 10000 (max. 10000000)

